<?xml version="1.0" encoding="UTF-8"?>
<!-- Generated by org.testng.reporters.JUnitXMLReporter -->
<testsuite ignored="0" hostname="Vidhya" failures="0" tests="6" name="demowebshop_automation" time="51.751" errors="0" timestamp="2026-03-20T11:09:25 IST">
  <testcase classname="tests.RegistrationTest" name="registrationTest" time="2.854"/>
  <testcase classname="tests.LoginTest" name="loginTest" time="2.385"/>
  <testcase classname="tests.LoginTest" name="loginTest" time="2.133"/>
  <testcase classname="tests.AddToCartTest" name="addProductToCart" time="4.859"/>
  <testcase classname="tests.CheckoutTest" name="checkoutFlowTest" time="6.231"/>
  <testcase classname="tests.RegistrationFailTest" name="registerFailTest" time="2.368"/>
</testsuite> <!-- demowebshop_automation -->
